C51 COMPILER V9.60.7.0   RELAY                                                             09/25/2024 13:12:39 PAGE 1   


C51 COMPILER V9.60.7.0, COMPILATION OF MODULE RELAY
OBJECT MODULE PLACED IN .\Objects\Relay.obj
COMPILER INVOKED BY: E:\ARM_KEIL\Arm\Keil_v5\C51\BIN\C51.EXE source\Relay.c OPTIMIZE(8,SPEED) BROWSE DEBUG OBJECTEXTEND 
                    -PRINT(.\Listings\Relay.lst) TABS(2) OBJECT(.\Objects\Relay.obj)

line level    source

   1          /* Relay.c */
   2          #include "reg52.h"
   3          #include <intrins.h>
   4          #include "include/delay.h"
   5          
   6          // 继电器引脚定义
   7          sbit relayPin = P1^4; // 定义继电器控制引脚
   8          
   9          /**
  10           * @brief 关闭继电器
  11           * 
  12           * 将继电器引脚设置为高电平（关闭状态）
  13           */
  14          void relayClosed() {
  15   1          relayPin = 1; // 关闭继电器
  16   1          DelayUs2x(25); // 延时25us
  17   1      }
  18          
  19          /**
  20           * @brief 打开继电器
  21           * 
  22           * 将继电器引脚设置为低电平（打开状态）
  23           */
  24          void relayOpened() {
  25   1          relayPin = 0; // 打开继电器
  26   1          DelayUs2x(25); // 延时25us
  27   1      }


MODULE INFORMATION:   STATIC OVERLAYABLE
   CODE SIZE        =     14    ----
   CONSTANT SIZE    =   ----    ----
   XDATA SIZE       =   ----    ----
   PDATA SIZE       =   ----    ----
   DATA SIZE        =   ----    ----
   IDATA SIZE       =   ----    ----
   BIT SIZE         =   ----    ----
END OF MODULE INFORMATION.


C51 COMPILATION COMPLETE.  0 WARNING(S),  0 ERROR(S)
